<?xml version="1.0" encoding="UTF-8"?>
<testsuite xmlns:xsi="http://www.w3.org/2001/XMLSchema-instance" xsi:noNamespaceSchemaLocation="https://maven.apache.org/surefire/maven-surefire-plugin/xsd/surefire-test-report-3.0.xsd" version="3.0" name="app.backendclinic.BackendclinicApplicationTests" time="33.426" tests="1" errors="0" skipped="0" failures="0">
  <properties>
[...]
</properties>
  <testcase name="contextLoads" classname="app.backendclinic.BackendclinicApplicationTests" time="0.414">
    <system-out><![CDATA[06:29:44.041 [main] INFO org.springframework.test.context.support.AnnotationConfigContextLoaderUtils -- Could not detect default configuration classes for test class [app.backendclinic.BackendclinicApplicationTests]: BackendclinicApplicationTests does not declare any static, non-private, non-final, nested classes annotated with @Configuration.
06:29:44.153 [main] INFO org.springframework.boot.test.context.SpringBootTestContextBootstrapper -- Found @SpringBootConfiguration app.backendclinic.BackendclinicApplication for test class app.backendclinic.BackendclinicApplicationTests
06:29:44.353 [main] INFO org.springframework.boot.devtools.restart.RestartApplicationListener -- Restart disabled due to context in which it is running

  .   ____          _            __ _ _
 /\\ / ___'_ __ _ _(_)_ __  __ _ \ \ \ \
( ( )\___ | '_ | '_| | '_ \/ _` | \ \ \ \
 \\/  ___)| |_)| | | | | || (_| |  ) ) ) )
  '  |____| .__|_| |_|_| |_\__, | / / / /
 =========|_|==============|___/=/_/_/_/

 :: Spring Boot ::                (v3.3.5)

2024-11-12T06:29:44.584-04:00  WARN 13800 --- [           main] ory$DuplicateJsonObjectContextCustomizer : 

Found multiple occurrences of org.json.JSONObject on the class path:

	jar:file:/C:/Users/Hp/.m2/repository/com/vaadin/external/google/android-json/0.0.20131108.vaadin1/android-json-0.0.20131108.vaadin1.jar!/org/json/JSONObject.class
	jar:file:/C:/Users/Hp/.m2/repository/org/json/json/20230227/json-20230227.jar!/org/json/JSONObject.class

You may wish to exclude one of them to ensure predictable runtime behavior

2024-11-12T06:29:44.603-04:00  INFO 13800 --- [           main] a.b.BackendclinicApplicationTests        : Starting BackendclinicApplicationTests using Java 17.0.11 with PID 13800 (started by Hp in C:\Universidad\6to semestre\Sistema de informacion ll\Parcial 2\backendclinic)
2024-11-12T06:29:44.605-04:00  INFO 13800 --- [           main] a.b.BackendclinicApplicationTests        : No active profile set, falling back to 1 default profile: "default"
2024-11-12T06:29:46.054-04:00  INFO 13800 --- [           main] .s.d.r.c.RepositoryConfigurationDelegate : Bootstrapping Spring Data JPA repositories in DEFAULT mode.
2024-11-12T06:29:46.222-04:00  INFO 13800 --- [           main] .s.d.r.c.RepositoryConfigurationDelegate : Finished Spring Data repository scanning in 157 ms. Found 14 JPA repository interfaces.
2024-11-12T06:29:47.040-04:00  INFO 13800 --- [           main] o.hibernate.jpa.internal.util.LogHelper  : HHH000204: Processing PersistenceUnitInfo [name: default]
2024-11-12T06:29:47.129-04:00  INFO 13800 --- [           main] org.hibernate.Version                    : HHH000412: Hibernate ORM core version 6.5.3.Final
2024-11-12T06:29:47.181-04:00  INFO 13800 --- [           main] o.h.c.internal.RegionFactoryInitiator    : HHH000026: Second-level cache disabled
2024-11-12T06:29:47.656-04:00  INFO 13800 --- [           main] o.s.o.j.p.SpringPersistenceUnitInfo      : No LoadTimeWeaver setup: ignoring JPA class transformer
2024-11-12T06:29:47.699-04:00  INFO 13800 --- [           main] com.zaxxer.hikari.HikariDataSource       : HikariPool-1 - Starting...
2024-11-12T06:29:49.729-04:00  INFO 13800 --- [           main] com.zaxxer.hikari.pool.HikariPool        : HikariPool-1 - Added connection org.postgresql.jdbc.PgConnection@58ebee9
2024-11-12T06:29:49.731-04:00  INFO 13800 --- [           main] com.zaxxer.hikari.HikariDataSource       : HikariPool-1 - Start completed.
2024-11-12T06:29:50.011-04:00  WARN 13800 --- [           main] org.hibernate.orm.deprecation            : HHH90000025: PostgreSQLDialect does not need to be specified explicitly using 'hibernate.dialect' (remove the property setting and it will be selected by default)
2024-11-12T06:29:51.650-04:00  INFO 13800 --- [           main] o.h.e.t.j.p.i.JtaPlatformInitiator       : HHH000489: No JTA platform available (set 'hibernate.transaction.jta.platform' to enable JTA platform integration)
Hibernate: 
    alter table if exists anotaciones_historial 
       alter column descripcion set data type TEXT
Hibernate: 
    alter table if exists anotaciones_historial 
       alter column tratamiento set data type TEXT
2024-11-12T06:30:07.051-04:00  INFO 13800 --- [           main] j.LocalContainerEntityManagerFactoryBean : Initialized JPA EntityManagerFactory for persistence unit 'default'
Hibernate: 
    select
        p1_0.id 
    from
        permissions p1_0 
    where
        p1_0.name=? 
    fetch
        first ? rows only
Hibernate: 
    select
        p1_0.id 
    from
        permissions p1_0 
    where
        p1_0.name=? 
    fetch
        first ? rows only
Hibernate: 
    select
        p1_0.id 
    from
        permissions p1_0 
    where
        p1_0.name=? 
    fetch
        first ? rows only
Hibernate: 
    select
        p1_0.id 
    from
        permissions p1_0 
    where
        p1_0.name=? 
    fetch
        first ? rows only
Hibernate: 
    select
        p1_0.id 
    from
        permissions p1_0 
    where
        p1_0.name=? 
    fetch
        first ? rows only
Hibernate: 
    select
        p1_0.id 
    from
        permissions p1_0 
    where
        p1_0.name=? 
    fetch
        first ? rows only
Hibernate: 
    select
        p1_0.id 
    from
        permissions p1_0 
    where
        p1_0.name=? 
    fetch
        first ? rows only
Hibernate: 
    select
        p1_0.id 
    from
        permissions p1_0 
    where
        p1_0.name=? 
    fetch
        first ? rows only
Hibernate: 
    select
        p1_0.id 
    from
        permissions p1_0 
    where
        p1_0.name=? 
    fetch
        first ? rows only
Hibernate: 
    select
        p1_0.id 
    from
        permissions p1_0 
    where
        p1_0.name=? 
    fetch
        first ? rows only
Hibernate: 
    select
        p1_0.id 
    from
        permissions p1_0 
    where
        p1_0.name=? 
    fetch
        first ? rows only
Hibernate: 
    select
        p1_0.id 
    from
        permissions p1_0 
    where
        p1_0.name=? 
    fetch
        first ? rows only
Hibernate: 
    select
        p1_0.id 
    from
        permissions p1_0 
    where
        p1_0.name=? 
    fetch
        first ? rows only
Hibernate: 
    select
        p1_0.id 
    from
        permissions p1_0 
    where
        p1_0.name=? 
    fetch
        first ? rows only
Hibernate: 
    select
        p1_0.id 
    from
        permissions p1_0 
    where
        p1_0.name=? 
    fetch
        first ? rows only
Hibernate: 
    select
        p1_0.id 
    from
        permissions p1_0 
    where
        p1_0.name=? 
    fetch
        first ? rows only
Hibernate: 
    select
        p1_0.id 
    from
        permissions p1_0 
    where
        p1_0.name=? 
    fetch
        first ? rows only
Hibernate: 
    select
        p1_0.id 
    from
        permissions p1_0 
    where
        p1_0.name=? 
    fetch
        first ? rows only
Hibernate: 
    select
        p1_0.id 
    from
        permissions p1_0 
    where
        p1_0.name=? 
    fetch
        first ? rows only
Hibernate: 
    select
        p1_0.id 
    from
        permissions p1_0 
    where
        p1_0.name=? 
    fetch
        first ? rows only
Hibernate: 
    select
        p1_0.id 
    from
        permissions p1_0 
    where
        p1_0.name=? 
    fetch
        first ? rows only
Hibernate: 
    select
        p1_0.id 
    from
        permissions p1_0 
    where
        p1_0.name=? 
    fetch
        first ? rows only
Hibernate: 
    select
        p1_0.id 
    from
        permissions p1_0 
    where
        p1_0.name=? 
    fetch
        first ? rows only
Hibernate: 
    select
        p1_0.id 
    from
        permissions p1_0 
    where
        p1_0.name=? 
    fetch
        first ? rows only
Hibernate: 
    select
        p1_0.id 
    from
        permissions p1_0 
    where
        p1_0.name=? 
    fetch
        first ? rows only
Hibernate: 
    select
        p1_0.id 
    from
        permissions p1_0 
    where
        p1_0.name=? 
    fetch
        first ? rows only
Hibernate: 
    select
        p1_0.id 
    from
        permissions p1_0 
    where
        p1_0.name=? 
    fetch
        first ? rows only
Hibernate: 
    select
        p1_0.id 
    from
        permissions p1_0 
    where
        p1_0.name=? 
    fetch
        first ? rows only
Hibernate: 
    select
        p1_0.id 
    from
        permissions p1_0 
    where
        p1_0.name=? 
    fetch
        first ? rows only
Hibernate: 
    select
        r1_0.id,
        r1_0.name 
    from
        roles r1_0 
    where
        r1_0.name=?
Hibernate: 
    select
        u1_0.id 
    from
        usuarios u1_0 
    where
        u1_0.username=? 
    fetch
        first ? rows only
2024-11-12T06:30:15.867-04:00  INFO 13800 --- [           main] eAuthenticationProviderManagerConfigurer : Global AuthenticationManager configured with AuthenticationProvider bean with name authenticationProvider
2024-11-12T06:30:15.868-04:00  WARN 13800 --- [           main] r$InitializeUserDetailsManagerConfigurer : Global AuthenticationManager configured with an AuthenticationProvider bean. UserDetailsService beans will not be used for username/password login. Consider removing the AuthenticationProvider bean. Alternatively, consider using the UserDetailsService in a manually instantiated DaoAuthenticationProvider.
2024-11-12T06:30:16.007-04:00  WARN 13800 --- [           main] JpaBaseConfiguration$JpaWebConfiguration : spring.jpa.open-in-view is enabled by default. Therefore, database queries may be performed during view rendering. Explicitly configure spring.jpa.open-in-view to disable this warning
2024-11-12T06:30:16.861-04:00  INFO 13800 --- [           main] a.b.BackendclinicApplicationTests        : Started BackendclinicApplicationTests in 32.518 seconds (process running for 33.571)
]]></system-out>
  </testcase>
</testsuite>